<?xml version="1.0" encoding="UTF-8"?>
<!-- Generated by org.testng.reporters.JUnitReportReporter -->
<testsuite hostname="DESKTOP-BJS4FPD" failures="0" tests="1" name="runner.TestRunner" time="42.767" errors="0" timestamp="2025-05-06T10:17:18 IST" skipped="0">
  <testcase classname="runner.TestRunner" name="runScenario" time="42.767"/>
  <system-out/>
</testsuite> <!-- runner.TestRunner -->
